

##############################################################
##############################################################

   ██████╗ ███╗   ███╗██╗ ██████╗██████╗  ██████╗ ███╗   ██╗
  ██╔═══██╗████╗ ████║██║██╔════╝██╔══██╗██╔═══██╗████╗  ██║
  ██║   ██║██╔████╔██║██║██║     ██████╔╝██║   ██║██╔██╗ ██║
  ██║   ██║██║╚██╔╝██║██║██║     ██╔══██╗██║   ██║██║╚██╗██║
  ╚██████╔╝██║ ╚═╝ ██║██║╚██████╗██║  ██║╚██████╔╝██║ ╚████║
   ╚═════╝ ╚═╝     ╚═╝╚═╝ ╚═════╝╚═╝  ╚═╝ ╚═════╝ ╚═╝  ╚═══╝
                                                    4.1.1
##############################################################
##############################################################


IO::ParseFile: Parse file ./config.txt		ok
Omicron::ReadOptions: number of options = 43
ffl::ffl: detect file format
ffl::ffl: detected file format = ffl
ffl::DefineTmpDir: working ffl file = ./myffl.ffl
ffl::DefineTmpDir: working ffl file = ./myffl.ffl
ffl::Reset: reset ffl
ffl::LoadFrameFile: load FFL file
ffl::LoadFrameFile: extract frame information
ffl::LoadFrameFile: check frame information
ffl::ExtractChannels: extracted information = 
H1:PEM-VAULT_MAG_1030X195Y_COIL_X_DQ 4096
Streams::MakeDetector: this stream (H1:PEM-VAULT_MAG_1030X195Y_COIL_X_DQ) is associated to detector: Hanford1 (H1)
Sample::SetFrequencies: new native sampling frequency (4096Hz)
Sample::SetFrequencies: new working sampling frequency (2048Hz)
Sample::MakeSamplingFilters: building butterworth filters
Sample::SetHighPassFrequency: building high-pass filters
Otile::Otile: creating 4 Q-planes
Oqplane::PrintParameters:
	- Q                         = 5.98140
	- Time range                = 64 s
	- Time resolution           = 0.00098 s - 0.03125 s
	- Frequency range           = 16.00000-658.73688 Hz
	- Number of frequency bands = 20
	- Frequency resolution      = 3.26857 Hz - 111.74311 Hz
	- Number of tiles           = 501760
	- Number of bins (internal) = 1310720
Oqplane::PrintParameters:
	- Q                         = 13.37481
	- Time range                = 64 s
	- Time resolution           = 0.00098 s - 0.06250 s
	- Frequency range           = 16.00000-820.52890 Hz
	- Number of frequency bands = 42
	- Frequency resolution      = 1.57250 Hz - 73.42635 Hz
	- Number of tiles           = 596992
	- Number of bins (internal) = 2752512
Oqplane::PrintParameters:
	- Q                         = 29.90698
	- Time range                = 64 s
	- Time resolution           = 0.00195 s - 0.12500 s
	- Frequency range           = 16.00000-921.77677 Hz
	- Number of frequency bands = 96
	- Frequency resolution      = 0.69009 Hz - 38.11278 Hz
	- Number of tiles           = 662528
	- Number of bins (internal) = 3145728
Oqplane::PrintParameters:
	- Q                         = 66.87403
	- Time range                = 64 s
	- Time resolution           = 0.00391 s - 0.25000 s
	- Frequency range           = 16.00000-975.61430 Hz
	- Number of frequency bands = 218
	- Frequency resolution      = 0.30455 Hz - 18.22326 Hz
	- Number of tiles           = 700416
	- Number of bins (internal) = 3571712
************* Spectrum::Spectrum *************
Input data sampling frequency = 2048 Hz
PSD size                      = 2049 points
PSD resolution                = 0.50000 Hz
Number of even samples        = 150
Number of odd samples         = 149
**********************************************
************* Spectrum::Spectrum *************
Input data sampling frequency = 2048 Hz
PSD size                      = 2049 points
PSD resolution                = 0.50000 Hz
Number of even samples        = 150
Number of odd samples         = 149
**********************************************
InjRea::InjRea: 0 injections are loaded

>>>>>>>>>> (22:09:26 UTC) [+7s]: Omicron has been successfully initiated <<<<<<<<<<

Omicron::InitSegments: initiate data segments...
	- save input segments
Osequence::SetSegments: setting new segments
	- in: 1240853610.00000-1240855236.00000
	- extract channels (FFL)
ffl::ExtractChannels: extracted information = 
H1:PEM-VAULT_MAG_1030X195Y_COIL_X_DQ 4096
	- N input segments   = 1
	- Input livetime     = 1626.00000
Omicron::MakeDirectories: make directory structure...
	- create channel directories
	- open injection report file

>>>>>>>>>> (22:09:26 UTC) [+7s]: Start looping over channels and chunks <<<<<<<<<<

Omicron::NewChannel: load a new channel...
	- channel H1:PEM-VAULT_MAG_1030X195Y_COIL_X_DQ (1/1) is loaded
Omicron::NewChunk: call a new chunk...
Osequence::NewChunk: 1240853610-1240853674
	- chunk 1240853610-1240853674 is loaded (start a new segment)

>>>>>>>>>> (22:09:26 UTC) [+7s]: Processing H1:PEM-VAULT_MAG_1030X195Y_COIL_X_DQ 1240853610-1240853674 <<<<<<<<<<

Omicron::LoadData: load data vector...
	- get data from frames...
ffl::GetData: read data for H1:PEM-VAULT_MAG_1030X195Y_COIL_X_DQ between 1240853610.00000 and 1240853674.00000
ffl::GetData: 262144 samples
	- perform software injections...
Omicron::Condition: condition data vector...
	- transform data vector...
Sample::Transform: remove DC component...
Sample::Transform: resample input data...
Sample::Resample: apply anti-aliasing filters
Sample::Resample: decimate time-series
	- apply Tukey window...
	- update spectrum 1...
Spectrum::AddData: compute PSD
Spectrum::ComputeMedianMean: the PSD estimation is not nominal: 30/29 subPSDs are used instead of 150/149
	- move the data in the frequency domain...
	- whiten chunk (1)
	- move the data back in the time domain...
	- update spectrum 2...
Spectrum::AddData: compute PSD
Spectrum::ComputeMedianMean: the PSD estimation is not nominal: 30/29 subPSDs are used instead of 150/149
	- move the data in the frequency domain...
	- whiten chunk (2)
	- compute tiling power...
Omicron::Project: project data onto the tiles...
Otile::ProjectData: project the data on the Q planes
Omicron::WriteOutput: write chunk output...
	- write triggers 
Omicron::ExtractTriggers: 5142 triggers
Otile::SaveTriggers: saving triggers for H1:PEM-VAULT_MAG_1030X195Y_COIL_X_DQ in 1240853612.00000-1240853672.00000
Omicron::FlushTriggers
TriggerBuffer::Flush: 5142 triggers
	 - flushed
Triggers::SortTriggers: sorting triggers
	 - triggers sorted
	 - 5142 triggers
Omicron::WriteTriggers
MakeTriggers::Write: 5142 triggers
                     1 segments
                     in ./output/H1:PEM-VAULT_MAG_1030X195Y_COIL_X_DQ/H1-PEM_VAULT_MAG_1030X195Y_COIL_X_DQ_OMICRON-1240853612-60.root
MakeTriggers::Reset: reset all
Omicron::NewChunk: call a new chunk...
Osequence::NewChunk: 1240853670-1240853734
	- chunk 1240853670-1240853734 is loaded

>>>>>>>>>> (22:09:27 UTC) [+8s]: Processing H1:PEM-VAULT_MAG_1030X195Y_COIL_X_DQ 1240853670-1240853734 <<<<<<<<<<

Omicron::LoadData: load data vector...
	- get data from frames...
ffl::GetData: read data for H1:PEM-VAULT_MAG_1030X195Y_COIL_X_DQ between 1240853670.00000 and 1240853734.00000
ffl::GetData: 262144 samples
	- perform software injections...
Omicron::Condition: condition data vector...
	- transform data vector...
Sample::Transform: remove DC component...
Sample::Transform: resample input data...
Sample::Resample: apply anti-aliasing filters
Sample::Resample: decimate time-series
	- apply Tukey window...
	- update spectrum 1...
Spectrum::AddData: compute PSD
Spectrum::ComputeMedianMean: the PSD estimation is not nominal: 60/58 subPSDs are used instead of 150/149
	- move the data in the frequency domain...
	- whiten chunk (1)
	- move the data back in the time domain...
	- update spectrum 2...
Spectrum::AddData: compute PSD
Spectrum::ComputeMedianMean: the PSD estimation is not nominal: 60/58 subPSDs are used instead of 150/149
	- move the data in the frequency domain...
	- whiten chunk (2)
	- compute tiling power...
Omicron::Project: project data onto the tiles...
Otile::ProjectData: project the data on the Q planes
Omicron::WriteOutput: write chunk output...
	- write triggers 
Omicron::ExtractTriggers: 7801 triggers
Otile::SaveTriggers: saving triggers for H1:PEM-VAULT_MAG_1030X195Y_COIL_X_DQ in 1240853672.00000-1240853732.00000
Omicron::FlushTriggers
TriggerBuffer::Flush: 7801 triggers
	 - flushed
Triggers::SortTriggers: sorting triggers
	 - triggers sorted
	 - 7801 triggers
Omicron::WriteTriggers
MakeTriggers::Write: 7801 triggers
                     1 segments
                     in ./output/H1:PEM-VAULT_MAG_1030X195Y_COIL_X_DQ/H1-PEM_VAULT_MAG_1030X195Y_COIL_X_DQ_OMICRON-1240853672-60.root
MakeTriggers::Reset: reset all
Omicron::NewChunk: call a new chunk...
Osequence::NewChunk: 1240853730-1240853794
	- chunk 1240853730-1240853794 is loaded

>>>>>>>>>> (22:09:27 UTC) [+8s]: Processing H1:PEM-VAULT_MAG_1030X195Y_COIL_X_DQ 1240853730-1240853794 <<<<<<<<<<

Omicron::LoadData: load data vector...
	- get data from frames...
ffl::GetData: read data for H1:PEM-VAULT_MAG_1030X195Y_COIL_X_DQ between 1240853730.00000 and 1240853794.00000
ffl::GetData: 262144 samples
	- perform software injections...
Omicron::Condition: condition data vector...
	- transform data vector...
Sample::Transform: remove DC component...
Sample::Transform: resample input data...
Sample::Resample: apply anti-aliasing filters
Sample::Resample: decimate time-series
	- apply Tukey window...
	- update spectrum 1...
Spectrum::AddData: compute PSD
Spectrum::ComputeMedianMean: the PSD estimation is not nominal: 90/87 subPSDs are used instead of 150/149
	- move the data in the frequency domain...
	- whiten chunk (1)
	- move the data back in the time domain...
	- update spectrum 2...
Spectrum::AddData: compute PSD
Spectrum::ComputeMedianMean: the PSD estimation is not nominal: 90/87 subPSDs are used instead of 150/149
	- move the data in the frequency domain...
	- whiten chunk (2)
	- compute tiling power...
Omicron::Project: project data onto the tiles...
Otile::ProjectData: project the data on the Q planes
Omicron::WriteOutput: write chunk output...
	- write triggers 
Omicron::ExtractTriggers: 6276 triggers
Otile::SaveTriggers: saving triggers for H1:PEM-VAULT_MAG_1030X195Y_COIL_X_DQ in 1240853732.00000-1240853792.00000
Omicron::FlushTriggers
TriggerBuffer::Flush: 6276 triggers
	 - flushed
Triggers::SortTriggers: sorting triggers
	 - triggers sorted
	 - 6276 triggers
Omicron::WriteTriggers
MakeTriggers::Write: 6276 triggers
                     1 segments
                     in ./output/H1:PEM-VAULT_MAG_1030X195Y_COIL_X_DQ/H1-PEM_VAULT_MAG_1030X195Y_COIL_X_DQ_OMICRON-1240853732-60.root
MakeTriggers::Reset: reset all
Omicron::NewChunk: call a new chunk...
Osequence::NewChunk: 1240853790-1240853854
	- chunk 1240853790-1240853854 is loaded

>>>>>>>>>> (22:09:28 UTC) [+9s]: Processing H1:PEM-VAULT_MAG_1030X195Y_COIL_X_DQ 1240853790-1240853854 <<<<<<<<<<

Omicron::LoadData: load data vector...
	- get data from frames...
ffl::GetData: read data for H1:PEM-VAULT_MAG_1030X195Y_COIL_X_DQ between 1240853790.00000 and 1240853854.00000
ffl::GetData: 262144 samples
	- perform software injections...
Omicron::Condition: condition data vector...
	- transform data vector...
Sample::Transform: remove DC component...
Sample::Transform: resample input data...
Sample::Resample: apply anti-aliasing filters
Sample::Resample: decimate time-series
	- apply Tukey window...
	- update spectrum 1...
Spectrum::AddData: compute PSD
Spectrum::ComputeMedianMean: the PSD estimation is not nominal: 120/116 subPSDs are used instead of 150/149
	- move the data in the frequency domain...
	- whiten chunk (1)
	- move the data back in the time domain...
	- update spectrum 2...
Spectrum::AddData: compute PSD
Spectrum::ComputeMedianMean: the PSD estimation is not nominal: 120/116 subPSDs are used instead of 150/149
	- move the data in the frequency domain...
	- whiten chunk (2)
	- compute tiling power...
Omicron::Project: project data onto the tiles...
Otile::ProjectData: project the data on the Q planes
Omicron::WriteOutput: write chunk output...
	- write triggers 
Omicron::ExtractTriggers: 9746 triggers
Otile::SaveTriggers: saving triggers for H1:PEM-VAULT_MAG_1030X195Y_COIL_X_DQ in 1240853792.00000-1240853852.00000
Omicron::FlushTriggers
TriggerBuffer::Flush: 9746 triggers
	 - flushed
Triggers::SortTriggers: sorting triggers
	 - triggers sorted
	 - 9746 triggers
Omicron::WriteTriggers
MakeTriggers::Write: 9746 triggers
                     1 segments
                     in ./output/H1:PEM-VAULT_MAG_1030X195Y_COIL_X_DQ/H1-PEM_VAULT_MAG_1030X195Y_COIL_X_DQ_OMICRON-1240853792-60.root
MakeTriggers::Reset: reset all
Omicron::NewChunk: call a new chunk...
Osequence::NewChunk: 1240853850-1240853914
	- chunk 1240853850-1240853914 is loaded

>>>>>>>>>> (22:09:29 UTC) [+10s]: Processing H1:PEM-VAULT_MAG_1030X195Y_COIL_X_DQ 1240853850-1240853914 <<<<<<<<<<

Omicron::LoadData: load data vector...
	- get data from frames...
ffl::GetData: read data for H1:PEM-VAULT_MAG_1030X195Y_COIL_X_DQ between 1240853850.00000 and 1240853914.00000
ffl::GetData: 262144 samples
	- perform software injections...
Omicron::Condition: condition data vector...
	- transform data vector...
Sample::Transform: remove DC component...
Sample::Transform: resample input data...
Sample::Resample: apply anti-aliasing filters
Sample::Resample: decimate time-series
	- apply Tukey window...
	- update spectrum 1...
Spectrum::AddData: compute PSD
Spectrum::ComputeMedianMean: the PSD estimation is not nominal: 150/145 subPSDs are used instead of 150/149
	- move the data in the frequency domain...
	- whiten chunk (1)
	- move the data back in the time domain...
	- update spectrum 2...
Spectrum::AddData: compute PSD
Spectrum::ComputeMedianMean: the PSD estimation is not nominal: 150/145 subPSDs are used instead of 150/149
	- move the data in the frequency domain...
	- whiten chunk (2)
	- compute tiling power...
Omicron::Project: project data onto the tiles...
Otile::ProjectData: project the data on the Q planes
Omicron::WriteOutput: write chunk output...
	- write triggers 
Omicron::ExtractTriggers: 8619 triggers
Otile::SaveTriggers: saving triggers for H1:PEM-VAULT_MAG_1030X195Y_COIL_X_DQ in 1240853852.00000-1240853912.00000
Omicron::FlushTriggers
TriggerBuffer::Flush: 8619 triggers
	 - flushed
Triggers::SortTriggers: sorting triggers
	 - triggers sorted
	 - 8619 triggers
Omicron::WriteTriggers
MakeTriggers::Write: 8619 triggers
                     1 segments
                     in ./output/H1:PEM-VAULT_MAG_1030X195Y_COIL_X_DQ/H1-PEM_VAULT_MAG_1030X195Y_COIL_X_DQ_OMICRON-1240853852-60.root
MakeTriggers::Reset: reset all
Omicron::NewChunk: call a new chunk...
Osequence::NewChunk: 1240853910-1240853974
	- chunk 1240853910-1240853974 is loaded

>>>>>>>>>> (22:09:29 UTC) [+10s]: Processing H1:PEM-VAULT_MAG_1030X195Y_COIL_X_DQ 1240853910-1240853974 <<<<<<<<<<

Omicron::LoadData: load data vector...
	- get data from frames...
ffl::GetData: read data for H1:PEM-VAULT_MAG_1030X195Y_COIL_X_DQ between 1240853910.00000 and 1240853974.00000
ffl::GetData: 262144 samples
	- perform software injections...
Omicron::Condition: condition data vector...
	- transform data vector...
Sample::Transform: remove DC component...
Sample::Transform: resample input data...
Sample::Resample: apply anti-aliasing filters
Sample::Resample: decimate time-series
	- apply Tukey window...
	- update spectrum 1...
Spectrum::AddData: compute PSD
	- move the data in the frequency domain...
	- whiten chunk (1)
	- move the data back in the time domain...
	- update spectrum 2...
Spectrum::AddData: compute PSD
	- move the data in the frequency domain...
	- whiten chunk (2)
	- compute tiling power...
Omicron::Project: project data onto the tiles...
Otile::ProjectData: project the data on the Q planes
Omicron::WriteOutput: write chunk output...
	- write triggers 
Omicron::ExtractTriggers: 6941 triggers
Otile::SaveTriggers: saving triggers for H1:PEM-VAULT_MAG_1030X195Y_COIL_X_DQ in 1240853912.00000-1240853972.00000
Omicron::FlushTriggers
TriggerBuffer::Flush: 6941 triggers
	 - flushed
Triggers::SortTriggers: sorting triggers
	 - triggers sorted
	 - 6941 triggers
Omicron::WriteTriggers
MakeTriggers::Write: 6941 triggers
                     1 segments
                     in ./output/H1:PEM-VAULT_MAG_1030X195Y_COIL_X_DQ/H1-PEM_VAULT_MAG_1030X195Y_COIL_X_DQ_OMICRON-1240853912-60.root
MakeTriggers::Reset: reset all
Omicron::NewChunk: call a new chunk...
Osequence::NewChunk: 1240853970-1240854034
	- chunk 1240853970-1240854034 is loaded

>>>>>>>>>> (22:09:30 UTC) [+11s]: Processing H1:PEM-VAULT_MAG_1030X195Y_COIL_X_DQ 1240853970-1240854034 <<<<<<<<<<

Omicron::LoadData: load data vector...
	- get data from frames...
ffl::GetData: read data for H1:PEM-VAULT_MAG_1030X195Y_COIL_X_DQ between 1240853970.00000 and 1240854034.00000
ffl::GetData: 262144 samples
	- perform software injections...
Omicron::Condition: condition data vector...
	- transform data vector...
Sample::Transform: remove DC component...
Sample::Transform: resample input data...
Sample::Resample: apply anti-aliasing filters
Sample::Resample: decimate time-series
	- apply Tukey window...
	- update spectrum 1...
Spectrum::AddData: compute PSD
	- move the data in the frequency domain...
	- whiten chunk (1)
	- move the data back in the time domain...
	- update spectrum 2...
Spectrum::AddData: compute PSD
	- move the data in the frequency domain...
	- whiten chunk (2)
	- compute tiling power...
Omicron::Project: project data onto the tiles...
Otile::ProjectData: project the data on the Q planes
Omicron::WriteOutput: write chunk output...
	- write triggers 
Omicron::ExtractTriggers: 3453 triggers
Otile::SaveTriggers: saving triggers for H1:PEM-VAULT_MAG_1030X195Y_COIL_X_DQ in 1240853972.00000-1240854032.00000
Omicron::FlushTriggers
TriggerBuffer::Flush: 3453 triggers
	 - flushed
Triggers::SortTriggers: sorting triggers
	 - triggers sorted
	 - 3453 triggers
Omicron::WriteTriggers
MakeTriggers::Write: 3453 triggers
                     1 segments
                     in ./output/H1:PEM-VAULT_MAG_1030X195Y_COIL_X_DQ/H1-PEM_VAULT_MAG_1030X195Y_COIL_X_DQ_OMICRON-1240853972-60.root
MakeTriggers::Reset: reset all
Omicron::NewChunk: call a new chunk...
Osequence::NewChunk: 1240854030-1240854094
	- chunk 1240854030-1240854094 is loaded

>>>>>>>>>> (22:09:30 UTC) [+11s]: Processing H1:PEM-VAULT_MAG_1030X195Y_COIL_X_DQ 1240854030-1240854094 <<<<<<<<<<

Omicron::LoadData: load data vector...
	- get data from frames...
ffl::GetData: read data for H1:PEM-VAULT_MAG_1030X195Y_COIL_X_DQ between 1240854030.00000 and 1240854094.00000
ffl::GetData: 262144 samples
	- perform software injections...
Omicron::Condition: condition data vector...
	- transform data vector...
Sample::Transform: remove DC component...
Sample::Transform: resample input data...
Sample::Resample: apply anti-aliasing filters
Sample::Resample: decimate time-series
	- apply Tukey window...
	- update spectrum 1...
Spectrum::AddData: compute PSD
	- move the data in the frequency domain...
	- whiten chunk (1)
	- move the data back in the time domain...
	- update spectrum 2...
Spectrum::AddData: compute PSD
	- move the data in the frequency domain...
	- whiten chunk (2)
	- compute tiling power...
Omicron::Project: project data onto the tiles...
Otile::ProjectData: project the data on the Q planes
Omicron::WriteOutput: write chunk output...
	- write triggers 
Omicron::ExtractTriggers: 3703 triggers
Otile::SaveTriggers: saving triggers for H1:PEM-VAULT_MAG_1030X195Y_COIL_X_DQ in 1240854032.00000-1240854092.00000
Omicron::FlushTriggers
TriggerBuffer::Flush: 3703 triggers
	 - flushed
Triggers::SortTriggers: sorting triggers
	 - triggers sorted
	 - 3703 triggers
Omicron::WriteTriggers
MakeTriggers::Write: 3703 triggers
                     1 segments
                     in ./output/H1:PEM-VAULT_MAG_1030X195Y_COIL_X_DQ/H1-PEM_VAULT_MAG_1030X195Y_COIL_X_DQ_OMICRON-1240854032-60.root
MakeTriggers::Reset: reset all
Omicron::NewChunk: call a new chunk...
Osequence::NewChunk: 1240854090-1240854154
	- chunk 1240854090-1240854154 is loaded

>>>>>>>>>> (22:09:31 UTC) [+12s]: Processing H1:PEM-VAULT_MAG_1030X195Y_COIL_X_DQ 1240854090-1240854154 <<<<<<<<<<

Omicron::LoadData: load data vector...
	- get data from frames...
ffl::GetData: read data for H1:PEM-VAULT_MAG_1030X195Y_COIL_X_DQ between 1240854090.00000 and 1240854154.00000
ffl::GetData: 262144 samples
	- perform software injections...
Omicron::Condition: condition data vector...
	- transform data vector...
Sample::Transform: remove DC component...
Sample::Transform: resample input data...
Sample::Resample: apply anti-aliasing filters
Sample::Resample: decimate time-series
	- apply Tukey window...
	- update spectrum 1...
Spectrum::AddData: compute PSD
	- move the data in the frequency domain...
	- whiten chunk (1)
	- move the data back in the time domain...
	- update spectrum 2...
Spectrum::AddData: compute PSD
	- move the data in the frequency domain...
	- whiten chunk (2)
	- compute tiling power...
Omicron::Project: project data onto the tiles...
Otile::ProjectData: project the data on the Q planes
Omicron::WriteOutput: write chunk output...
	- write triggers 
Omicron::ExtractTriggers: 15537 triggers
Otile::SaveTriggers: saving triggers for H1:PEM-VAULT_MAG_1030X195Y_COIL_X_DQ in 1240854092.00000-1240854152.00000
Omicron::FlushTriggers
TriggerBuffer::Flush: 15537 triggers
	 - flushed
Triggers::SortTriggers: sorting triggers
	 - triggers sorted
	 - 15537 triggers
Omicron::WriteTriggers
MakeTriggers::Write: 15537 triggers
                     1 segments
                     in ./output/H1:PEM-VAULT_MAG_1030X195Y_COIL_X_DQ/H1-PEM_VAULT_MAG_1030X195Y_COIL_X_DQ_OMICRON-1240854092-60.root
MakeTriggers::Reset: reset all
Omicron::NewChunk: call a new chunk...
Osequence::NewChunk: 1240854150-1240854214
	- chunk 1240854150-1240854214 is loaded

>>>>>>>>>> (22:09:32 UTC) [+13s]: Processing H1:PEM-VAULT_MAG_1030X195Y_COIL_X_DQ 1240854150-1240854214 <<<<<<<<<<

Omicron::LoadData: load data vector...
	- get data from frames...
ffl::GetData: read data for H1:PEM-VAULT_MAG_1030X195Y_COIL_X_DQ between 1240854150.00000 and 1240854214.00000
ffl::GetData: 262144 samples
	- perform software injections...
Omicron::Condition: condition data vector...
	- transform data vector...
Sample::Transform: remove DC component...
Sample::Transform: resample input data...
Sample::Resample: apply anti-aliasing filters
Sample::Resample: decimate time-series
	- apply Tukey window...
	- update spectrum 1...
Spectrum::AddData: compute PSD
	- move the data in the frequency domain...
	- whiten chunk (1)
	- move the data back in the time domain...
	- update spectrum 2...
Spectrum::AddData: compute PSD
	- move the data in the frequency domain...
	- whiten chunk (2)
	- compute tiling power...
Omicron::Project: project data onto the tiles...
Otile::ProjectData: project the data on the Q planes
Omicron::WriteOutput: write chunk output...
	- write triggers 
Omicron::ExtractTriggers: 6054 triggers
Otile::SaveTriggers: saving triggers for H1:PEM-VAULT_MAG_1030X195Y_COIL_X_DQ in 1240854152.00000-1240854212.00000
Omicron::FlushTriggers
TriggerBuffer::Flush: 6054 triggers
	 - flushed
Triggers::SortTriggers: sorting triggers
	 - triggers sorted
	 - 6054 triggers
Omicron::WriteTriggers
MakeTriggers::Write: 6054 triggers
                     1 segments
                     in ./output/H1:PEM-VAULT_MAG_1030X195Y_COIL_X_DQ/H1-PEM_VAULT_MAG_1030X195Y_COIL_X_DQ_OMICRON-1240854152-60.root
MakeTriggers::Reset: reset all
Omicron::NewChunk: call a new chunk...
Osequence::NewChunk: 1240854210-1240854274
	- chunk 1240854210-1240854274 is loaded

>>>>>>>>>> (22:09:32 UTC) [+13s]: Processing H1:PEM-VAULT_MAG_1030X195Y_COIL_X_DQ 1240854210-1240854274 <<<<<<<<<<

Omicron::LoadData: load data vector...
	- get data from frames...
ffl::GetData: read data for H1:PEM-VAULT_MAG_1030X195Y_COIL_X_DQ between 1240854210.00000 and 1240854274.00000
ffl::GetData: 262144 samples
	- perform software injections...
Omicron::Condition: condition data vector...
	- transform data vector...
Sample::Transform: remove DC component...
Sample::Transform: resample input data...
Sample::Resample: apply anti-aliasing filters
Sample::Resample: decimate time-series
	- apply Tukey window...
	- update spectrum 1...
Spectrum::AddData: compute PSD
	- move the data in the frequency domain...
	- whiten chunk (1)
	- move the data back in the time domain...
	- update spectrum 2...
Spectrum::AddData: compute PSD
	- move the data in the frequency domain...
	- whiten chunk (2)
	- compute tiling power...
Omicron::Project: project data onto the tiles...
Otile::ProjectData: project the data on the Q planes
Omicron::WriteOutput: write chunk output...
	- write triggers 
Omicron::ExtractTriggers: 3396 triggers
Otile::SaveTriggers: saving triggers for H1:PEM-VAULT_MAG_1030X195Y_COIL_X_DQ in 1240854212.00000-1240854272.00000
Omicron::FlushTriggers
TriggerBuffer::Flush: 3396 triggers
	 - flushed
Triggers::SortTriggers: sorting triggers
	 - triggers sorted
	 - 3396 triggers
Omicron::WriteTriggers
MakeTriggers::Write: 3396 triggers
                     1 segments
                     in ./output/H1:PEM-VAULT_MAG_1030X195Y_COIL_X_DQ/H1-PEM_VAULT_MAG_1030X195Y_COIL_X_DQ_OMICRON-1240854212-60.root
MakeTriggers::Reset: reset all
Omicron::NewChunk: call a new chunk...
Osequence::NewChunk: 1240854270-1240854334
	- chunk 1240854270-1240854334 is loaded

>>>>>>>>>> (22:09:33 UTC) [+14s]: Processing H1:PEM-VAULT_MAG_1030X195Y_COIL_X_DQ 1240854270-1240854334 <<<<<<<<<<

Omicron::LoadData: load data vector...
	- get data from frames...
ffl::GetData: read data for H1:PEM-VAULT_MAG_1030X195Y_COIL_X_DQ between 1240854270.00000 and 1240854334.00000
ffl::GetData: 262144 samples
	- perform software injections...
Omicron::Condition: condition data vector...
	- transform data vector...
Sample::Transform: remove DC component...
Sample::Transform: resample input data...
Sample::Resample: apply anti-aliasing filters
Sample::Resample: decimate time-series
	- apply Tukey window...
	- update spectrum 1...
Spectrum::AddData: compute PSD
	- move the data in the frequency domain...
	- whiten chunk (1)
	- move the data back in the time domain...
	- update spectrum 2...
Spectrum::AddData: compute PSD
	- move the data in the frequency domain...
	- whiten chunk (2)
	- compute tiling power...
Omicron::Project: project data onto the tiles...
Otile::ProjectData: project the data on the Q planes
Omicron::WriteOutput: write chunk output...
	- write triggers 
Omicron::ExtractTriggers: 4884 triggers
Otile::SaveTriggers: saving triggers for H1:PEM-VAULT_MAG_1030X195Y_COIL_X_DQ in 1240854272.00000-1240854332.00000
Omicron::FlushTriggers
TriggerBuffer::Flush: 4884 triggers
	 - flushed
Triggers::SortTriggers: sorting triggers
	 - triggers sorted
	 - 4884 triggers
Omicron::WriteTriggers
MakeTriggers::Write: 4884 triggers
                     1 segments
                     in ./output/H1:PEM-VAULT_MAG_1030X195Y_COIL_X_DQ/H1-PEM_VAULT_MAG_1030X195Y_COIL_X_DQ_OMICRON-1240854272-60.root
MakeTriggers::Reset: reset all
Omicron::NewChunk: call a new chunk...
Osequence::NewChunk: 1240854330-1240854394
	- chunk 1240854330-1240854394 is loaded

>>>>>>>>>> (22:09:33 UTC) [+14s]: Processing H1:PEM-VAULT_MAG_1030X195Y_COIL_X_DQ 1240854330-1240854394 <<<<<<<<<<

Omicron::LoadData: load data vector...
	- get data from frames...
ffl::GetData: read data for H1:PEM-VAULT_MAG_1030X195Y_COIL_X_DQ between 1240854330.00000 and 1240854394.00000
ffl::GetData: 262144 samples
	- perform software injections...
Omicron::Condition: condition data vector...
	- transform data vector...
Sample::Transform: remove DC component...
Sample::Transform: resample input data...
Sample::Resample: apply anti-aliasing filters
Sample::Resample: decimate time-series
	- apply Tukey window...
	- update spectrum 1...
Spectrum::AddData: compute PSD
	- move the data in the frequency domain...
	- whiten chunk (1)
	- move the data back in the time domain...
	- update spectrum 2...
Spectrum::AddData: compute PSD
	- move the data in the frequency domain...
	- whiten chunk (2)
	- compute tiling power...
Omicron::Project: project data onto the tiles...
Otile::ProjectData: project the data on the Q planes
Omicron::WriteOutput: write chunk output...
	- write triggers 
Omicron::ExtractTriggers: 6105 triggers
Otile::SaveTriggers: saving triggers for H1:PEM-VAULT_MAG_1030X195Y_COIL_X_DQ in 1240854332.00000-1240854392.00000
Omicron::FlushTriggers
TriggerBuffer::Flush: 6105 triggers
	 - flushed
Triggers::SortTriggers: sorting triggers
	 - triggers sorted
	 - 6105 triggers
Omicron::WriteTriggers
MakeTriggers::Write: 6105 triggers
                     1 segments
                     in ./output/H1:PEM-VAULT_MAG_1030X195Y_COIL_X_DQ/H1-PEM_VAULT_MAG_1030X195Y_COIL_X_DQ_OMICRON-1240854332-60.root
MakeTriggers::Reset: reset all
Omicron::NewChunk: call a new chunk...
Osequence::NewChunk: 1240854390-1240854454
	- chunk 1240854390-1240854454 is loaded

>>>>>>>>>> (22:09:34 UTC) [+15s]: Processing H1:PEM-VAULT_MAG_1030X195Y_COIL_X_DQ 1240854390-1240854454 <<<<<<<<<<

Omicron::LoadData: load data vector...
	- get data from frames...
ffl::GetData: read data for H1:PEM-VAULT_MAG_1030X195Y_COIL_X_DQ between 1240854390.00000 and 1240854454.00000
ffl::GetData: 262144 samples
	- perform software injections...
Omicron::Condition: condition data vector...
	- transform data vector...
Sample::Transform: remove DC component...
Sample::Transform: resample input data...
Sample::Resample: apply anti-aliasing filters
Sample::Resample: decimate time-series
	- apply Tukey window...
	- update spectrum 1...
Spectrum::AddData: compute PSD
	- move the data in the frequency domain...
	- whiten chunk (1)
	- move the data back in the time domain...
	- update spectrum 2...
Spectrum::AddData: compute PSD
	- move the data in the frequency domain...
	- whiten chunk (2)
	- compute tiling power...
Omicron::Project: project data onto the tiles...
Otile::ProjectData: project the data on the Q planes
Omicron::WriteOutput: write chunk output...
	- write triggers 
Omicron::ExtractTriggers: 7928 triggers
Otile::SaveTriggers: saving triggers for H1:PEM-VAULT_MAG_1030X195Y_COIL_X_DQ in 1240854392.00000-1240854452.00000
Omicron::FlushTriggers
TriggerBuffer::Flush: 7928 triggers
	 - flushed
Triggers::SortTriggers: sorting triggers
	 - triggers sorted
	 - 7928 triggers
Omicron::WriteTriggers
MakeTriggers::Write: 7928 triggers
                     1 segments
                     in ./output/H1:PEM-VAULT_MAG_1030X195Y_COIL_X_DQ/H1-PEM_VAULT_MAG_1030X195Y_COIL_X_DQ_OMICRON-1240854392-60.root
MakeTriggers::Reset: reset all
Omicron::NewChunk: call a new chunk...
Osequence::NewChunk: 1240854450-1240854514
	- chunk 1240854450-1240854514 is loaded

>>>>>>>>>> (22:09:35 UTC) [+16s]: Processing H1:PEM-VAULT_MAG_1030X195Y_COIL_X_DQ 1240854450-1240854514 <<<<<<<<<<

Omicron::LoadData: load data vector...
	- get data from frames...
ffl::GetData: read data for H1:PEM-VAULT_MAG_1030X195Y_COIL_X_DQ between 1240854450.00000 and 1240854514.00000
ffl::GetData: 262144 samples
	- perform software injections...
Omicron::Condition: condition data vector...
	- transform data vector...
Sample::Transform: remove DC component...
Sample::Transform: resample input data...
Sample::Resample: apply anti-aliasing filters
Sample::Resample: decimate time-series
	- apply Tukey window...
	- update spectrum 1...
Spectrum::AddData: compute PSD
	- move the data in the frequency domain...
	- whiten chunk (1)
	- move the data back in the time domain...
	- update spectrum 2...
Spectrum::AddData: compute PSD
	- move the data in the frequency domain...
	- whiten chunk (2)
	- compute tiling power...
Omicron::Project: project data onto the tiles...
Otile::ProjectData: project the data on the Q planes
Omicron::WriteOutput: write chunk output...
	- write triggers 
Omicron::ExtractTriggers: 6045 triggers
Otile::SaveTriggers: saving triggers for H1:PEM-VAULT_MAG_1030X195Y_COIL_X_DQ in 1240854452.00000-1240854512.00000
Omicron::FlushTriggers
TriggerBuffer::Flush: 6045 triggers
	 - flushed
Triggers::SortTriggers: sorting triggers
	 - triggers sorted
	 - 6045 triggers
Omicron::WriteTriggers
MakeTriggers::Write: 6045 triggers
                     1 segments
                     in ./output/H1:PEM-VAULT_MAG_1030X195Y_COIL_X_DQ/H1-PEM_VAULT_MAG_1030X195Y_COIL_X_DQ_OMICRON-1240854452-60.root
MakeTriggers::Reset: reset all
Omicron::NewChunk: call a new chunk...
Osequence::NewChunk: 1240854510-1240854574
	- chunk 1240854510-1240854574 is loaded

>>>>>>>>>> (22:09:35 UTC) [+16s]: Processing H1:PEM-VAULT_MAG_1030X195Y_COIL_X_DQ 1240854510-1240854574 <<<<<<<<<<

Omicron::LoadData: load data vector...
	- get data from frames...
ffl::GetData: read data for H1:PEM-VAULT_MAG_1030X195Y_COIL_X_DQ between 1240854510.00000 and 1240854574.00000
ffl::GetData: 262144 samples
	- perform software injections...
Omicron::Condition: condition data vector...
	- transform data vector...
Sample::Transform: remove DC component...
Sample::Transform: resample input data...
Sample::Resample: apply anti-aliasing filters
Sample::Resample: decimate time-series
	- apply Tukey window...
	- update spectrum 1...
Spectrum::AddData: compute PSD
	- move the data in the frequency domain...
	- whiten chunk (1)
	- move the data back in the time domain...
	- update spectrum 2...
Spectrum::AddData: compute PSD
	- move the data in the frequency domain...
	- whiten chunk (2)
	- compute tiling power...
Omicron::Project: project data onto the tiles...
Otile::ProjectData: project the data on the Q planes
Omicron::WriteOutput: write chunk output...
	- write triggers 
Omicron::ExtractTriggers: 7960 triggers
Otile::SaveTriggers: saving triggers for H1:PEM-VAULT_MAG_1030X195Y_COIL_X_DQ in 1240854512.00000-1240854572.00000
Omicron::FlushTriggers
TriggerBuffer::Flush: 7960 triggers
	 - flushed
Triggers::SortTriggers: sorting triggers
	 - triggers sorted
	 - 7960 triggers
Omicron::WriteTriggers
MakeTriggers::Write: 7960 triggers
                     1 segments
                     in ./output/H1:PEM-VAULT_MAG_1030X195Y_COIL_X_DQ/H1-PEM_VAULT_MAG_1030X195Y_COIL_X_DQ_OMICRON-1240854512-60.root
MakeTriggers::Reset: reset all
Omicron::NewChunk: call a new chunk...
Osequence::NewChunk: 1240854570-1240854634
	- chunk 1240854570-1240854634 is loaded

>>>>>>>>>> (22:09:36 UTC) [+17s]: Processing H1:PEM-VAULT_MAG_1030X195Y_COIL_X_DQ 1240854570-1240854634 <<<<<<<<<<

Omicron::LoadData: load data vector...
	- get data from frames...
ffl::GetData: read data for H1:PEM-VAULT_MAG_1030X195Y_COIL_X_DQ between 1240854570.00000 and 1240854634.00000
ffl::GetData: 262144 samples
	- perform software injections...
Omicron::Condition: condition data vector...
	- transform data vector...
Sample::Transform: remove DC component...
Sample::Transform: resample input data...
Sample::Resample: apply anti-aliasing filters
Sample::Resample: decimate time-series
	- apply Tukey window...
	- update spectrum 1...
Spectrum::AddData: compute PSD
	- move the data in the frequency domain...
	- whiten chunk (1)
	- move the data back in the time domain...
	- update spectrum 2...
Spectrum::AddData: compute PSD
	- move the data in the frequency domain...
	- whiten chunk (2)
	- compute tiling power...
Omicron::Project: project data onto the tiles...
Otile::ProjectData: project the data on the Q planes
Omicron::WriteOutput: write chunk output...
	- write triggers 
Omicron::ExtractTriggers: 10059 triggers
Otile::SaveTriggers: saving triggers for H1:PEM-VAULT_MAG_1030X195Y_COIL_X_DQ in 1240854572.00000-1240854632.00000
Omicron::FlushTriggers
TriggerBuffer::Flush: 10059 triggers
	 - flushed
Triggers::SortTriggers: sorting triggers
	 - triggers sorted
	 - 10059 triggers
Omicron::WriteTriggers
MakeTriggers::Write: 10059 triggers
                     1 segments
                     in ./output/H1:PEM-VAULT_MAG_1030X195Y_COIL_X_DQ/H1-PEM_VAULT_MAG_1030X195Y_COIL_X_DQ_OMICRON-1240854572-60.root
MakeTriggers::Reset: reset all
Omicron::NewChunk: call a new chunk...
Osequence::NewChunk: 1240854630-1240854694
	- chunk 1240854630-1240854694 is loaded

>>>>>>>>>> (22:09:37 UTC) [+18s]: Processing H1:PEM-VAULT_MAG_1030X195Y_COIL_X_DQ 1240854630-1240854694 <<<<<<<<<<

Omicron::LoadData: load data vector...
	- get data from frames...
ffl::GetData: read data for H1:PEM-VAULT_MAG_1030X195Y_COIL_X_DQ between 1240854630.00000 and 1240854694.00000
ffl::GetData: 262144 samples
	- perform software injections...
Omicron::Condition: condition data vector...
	- transform data vector...
Sample::Transform: remove DC component...
Sample::Transform: resample input data...
Sample::Resample: apply anti-aliasing filters
Sample::Resample: decimate time-series
	- apply Tukey window...
	- update spectrum 1...
Spectrum::AddData: compute PSD
	- move the data in the frequency domain...
	- whiten chunk (1)
	- move the data back in the time domain...
	- update spectrum 2...
Spectrum::AddData: compute PSD
	- move the data in the frequency domain...
	- whiten chunk (2)
	- compute tiling power...
Omicron::Project: project data onto the tiles...
Otile::ProjectData: project the data on the Q planes
Omicron::WriteOutput: write chunk output...
	- write triggers 
Omicron::ExtractTriggers: 5028 triggers
Otile::SaveTriggers: saving triggers for H1:PEM-VAULT_MAG_1030X195Y_COIL_X_DQ in 1240854632.00000-1240854692.00000
Omicron::FlushTriggers
TriggerBuffer::Flush: 5028 triggers
	 - flushed
Triggers::SortTriggers: sorting triggers
	 - triggers sorted
	 - 5028 triggers
Omicron::WriteTriggers
MakeTriggers::Write: 5028 triggers
                     1 segments
                     in ./output/H1:PEM-VAULT_MAG_1030X195Y_COIL_X_DQ/H1-PEM_VAULT_MAG_1030X195Y_COIL_X_DQ_OMICRON-1240854632-60.root
MakeTriggers::Reset: reset all
Omicron::NewChunk: call a new chunk...
Osequence::NewChunk: 1240854690-1240854754
	- chunk 1240854690-1240854754 is loaded

>>>>>>>>>> (22:09:37 UTC) [+18s]: Processing H1:PEM-VAULT_MAG_1030X195Y_COIL_X_DQ 1240854690-1240854754 <<<<<<<<<<

Omicron::LoadData: load data vector...
	- get data from frames...
ffl::GetData: read data for H1:PEM-VAULT_MAG_1030X195Y_COIL_X_DQ between 1240854690.00000 and 1240854754.00000
ffl::GetData: 262144 samples
	- perform software injections...
Omicron::Condition: condition data vector...
	- transform data vector...
Sample::Transform: remove DC component...
Sample::Transform: resample input data...
Sample::Resample: apply anti-aliasing filters
Sample::Resample: decimate time-series
	- apply Tukey window...
	- update spectrum 1...
Spectrum::AddData: compute PSD
	- move the data in the frequency domain...
	- whiten chunk (1)
	- move the data back in the time domain...
	- update spectrum 2...
Spectrum::AddData: compute PSD
	- move the data in the frequency domain...
	- whiten chunk (2)
	- compute tiling power...
Omicron::Project: project data onto the tiles...
Otile::ProjectData: project the data on the Q planes
Omicron::WriteOutput: write chunk output...
	- write triggers 
Omicron::ExtractTriggers: 6380 triggers
Otile::SaveTriggers: saving triggers for H1:PEM-VAULT_MAG_1030X195Y_COIL_X_DQ in 1240854692.00000-1240854752.00000
Omicron::FlushTriggers
TriggerBuffer::Flush: 6380 triggers
	 - flushed
Triggers::SortTriggers: sorting triggers
	 - triggers sorted
	 - 6380 triggers
Omicron::WriteTriggers
MakeTriggers::Write: 6380 triggers
                     1 segments
                     in ./output/H1:PEM-VAULT_MAG_1030X195Y_COIL_X_DQ/H1-PEM_VAULT_MAG_1030X195Y_COIL_X_DQ_OMICRON-1240854692-60.root
MakeTriggers::Reset: reset all
Omicron::NewChunk: call a new chunk...
Osequence::NewChunk: 1240854750-1240854814
	- chunk 1240854750-1240854814 is loaded

>>>>>>>>>> (22:09:38 UTC) [+19s]: Processing H1:PEM-VAULT_MAG_1030X195Y_COIL_X_DQ 1240854750-1240854814 <<<<<<<<<<

Omicron::LoadData: load data vector...
	- get data from frames...
ffl::GetData: read data for H1:PEM-VAULT_MAG_1030X195Y_COIL_X_DQ between 1240854750.00000 and 1240854814.00000
ffl::GetData: 262144 samples
	- perform software injections...
Omicron::Condition: condition data vector...
	- transform data vector...
Sample::Transform: remove DC component...
Sample::Transform: resample input data...
Sample::Resample: apply anti-aliasing filters
Sample::Resample: decimate time-series
	- apply Tukey window...
	- update spectrum 1...
Spectrum::AddData: compute PSD
	- move the data in the frequency domain...
	- whiten chunk (1)
	- move the data back in the time domain...
	- update spectrum 2...
Spectrum::AddData: compute PSD
	- move the data in the frequency domain...
	- whiten chunk (2)
	- compute tiling power...
Omicron::Project: project data onto the tiles...
Otile::ProjectData: project the data on the Q planes
Omicron::WriteOutput: write chunk output...
	- write triggers 
Omicron::ExtractTriggers: 5561 triggers
Otile::SaveTriggers: saving triggers for H1:PEM-VAULT_MAG_1030X195Y_COIL_X_DQ in 1240854752.00000-1240854812.00000
Omicron::FlushTriggers
TriggerBuffer::Flush: 5561 triggers
	 - flushed
Triggers::SortTriggers: sorting triggers
	 - triggers sorted
	 - 5561 triggers
Omicron::WriteTriggers
MakeTriggers::Write: 5561 triggers
                     1 segments
                     in ./output/H1:PEM-VAULT_MAG_1030X195Y_COIL_X_DQ/H1-PEM_VAULT_MAG_1030X195Y_COIL_X_DQ_OMICRON-1240854752-60.root
MakeTriggers::Reset: reset all
Omicron::NewChunk: call a new chunk...
Osequence::NewChunk: 1240854810-1240854874
	- chunk 1240854810-1240854874 is loaded

>>>>>>>>>> (22:09:38 UTC) [+19s]: Processing H1:PEM-VAULT_MAG_1030X195Y_COIL_X_DQ 1240854810-1240854874 <<<<<<<<<<

Omicron::LoadData: load data vector...
	- get data from frames...
ffl::GetData: read data for H1:PEM-VAULT_MAG_1030X195Y_COIL_X_DQ between 1240854810.00000 and 1240854874.00000
ffl::GetData: 262144 samples
	- perform software injections...
Omicron::Condition: condition data vector...
	- transform data vector...
Sample::Transform: remove DC component...
Sample::Transform: resample input data...
Sample::Resample: apply anti-aliasing filters
Sample::Resample: decimate time-series
	- apply Tukey window...
	- update spectrum 1...
Spectrum::AddData: compute PSD
	- move the data in the frequency domain...
	- whiten chunk (1)
	- move the data back in the time domain...
	- update spectrum 2...
Spectrum::AddData: compute PSD
	- move the data in the frequency domain...
	- whiten chunk (2)
	- compute tiling power...
Omicron::Project: project data onto the tiles...
Otile::ProjectData: project the data on the Q planes
Omicron::WriteOutput: write chunk output...
	- write triggers 
Omicron::ExtractTriggers: 6713 triggers
Otile::SaveTriggers: saving triggers for H1:PEM-VAULT_MAG_1030X195Y_COIL_X_DQ in 1240854812.00000-1240854872.00000
Omicron::FlushTriggers
TriggerBuffer::Flush: 6713 triggers
	 - flushed
Triggers::SortTriggers: sorting triggers
	 - triggers sorted
	 - 6713 triggers
Omicron::WriteTriggers
MakeTriggers::Write: 6713 triggers
                     1 segments
                     in ./output/H1:PEM-VAULT_MAG_1030X195Y_COIL_X_DQ/H1-PEM_VAULT_MAG_1030X195Y_COIL_X_DQ_OMICRON-1240854812-60.root
MakeTriggers::Reset: reset all
Omicron::NewChunk: call a new chunk...
Osequence::NewChunk: 1240854870-1240854934
	- chunk 1240854870-1240854934 is loaded

>>>>>>>>>> (22:09:39 UTC) [+20s]: Processing H1:PEM-VAULT_MAG_1030X195Y_COIL_X_DQ 1240854870-1240854934 <<<<<<<<<<

Omicron::LoadData: load data vector...
	- get data from frames...
ffl::GetData: read data for H1:PEM-VAULT_MAG_1030X195Y_COIL_X_DQ between 1240854870.00000 and 1240854934.00000
ffl::GetData: 262144 samples
	- perform software injections...
Omicron::Condition: condition data vector...
	- transform data vector...
Sample::Transform: remove DC component...
Sample::Transform: resample input data...
Sample::Resample: apply anti-aliasing filters
Sample::Resample: decimate time-series
	- apply Tukey window...
	- update spectrum 1...
Spectrum::AddData: compute PSD
	- move the data in the frequency domain...
	- whiten chunk (1)
	- move the data back in the time domain...
	- update spectrum 2...
Spectrum::AddData: compute PSD
	- move the data in the frequency domain...
	- whiten chunk (2)
	- compute tiling power...
Omicron::Project: project data onto the tiles...
Otile::ProjectData: project the data on the Q planes
Omicron::WriteOutput: write chunk output...
	- write triggers 
Omicron::ExtractTriggers: 9843 triggers
Otile::SaveTriggers: saving triggers for H1:PEM-VAULT_MAG_1030X195Y_COIL_X_DQ in 1240854872.00000-1240854932.00000
Omicron::FlushTriggers
TriggerBuffer::Flush: 9843 triggers
	 - flushed
Triggers::SortTriggers: sorting triggers
	 - triggers sorted
	 - 9843 triggers
Omicron::WriteTriggers
MakeTriggers::Write: 9843 triggers
                     1 segments
                     in ./output/H1:PEM-VAULT_MAG_1030X195Y_COIL_X_DQ/H1-PEM_VAULT_MAG_1030X195Y_COIL_X_DQ_OMICRON-1240854872-60.root
MakeTriggers::Reset: reset all
Omicron::NewChunk: call a new chunk...
Osequence::NewChunk: 1240854930-1240854994
	- chunk 1240854930-1240854994 is loaded

>>>>>>>>>> (22:09:40 UTC) [+21s]: Processing H1:PEM-VAULT_MAG_1030X195Y_COIL_X_DQ 1240854930-1240854994 <<<<<<<<<<

Omicron::LoadData: load data vector...
	- get data from frames...
ffl::GetData: read data for H1:PEM-VAULT_MAG_1030X195Y_COIL_X_DQ between 1240854930.00000 and 1240854994.00000
ffl::GetData: 262144 samples
	- perform software injections...
Omicron::Condition: condition data vector...
	- transform data vector...
Sample::Transform: remove DC component...
Sample::Transform: resample input data...
Sample::Resample: apply anti-aliasing filters
Sample::Resample: decimate time-series
	- apply Tukey window...
	- update spectrum 1...
Spectrum::AddData: compute PSD
	- move the data in the frequency domain...
	- whiten chunk (1)
	- move the data back in the time domain...
	- update spectrum 2...
Spectrum::AddData: compute PSD
	- move the data in the frequency domain...
	- whiten chunk (2)
	- compute tiling power...
Omicron::Project: project data onto the tiles...
Otile::ProjectData: project the data on the Q planes
Omicron::WriteOutput: write chunk output...
	- write triggers 
Omicron::ExtractTriggers: 9042 triggers
Otile::SaveTriggers: saving triggers for H1:PEM-VAULT_MAG_1030X195Y_COIL_X_DQ in 1240854932.00000-1240854992.00000
Omicron::FlushTriggers
TriggerBuffer::Flush: 9042 triggers
	 - flushed
Triggers::SortTriggers: sorting triggers
	 - triggers sorted
	 - 9042 triggers
Omicron::WriteTriggers
MakeTriggers::Write: 9042 triggers
                     1 segments
                     in ./output/H1:PEM-VAULT_MAG_1030X195Y_COIL_X_DQ/H1-PEM_VAULT_MAG_1030X195Y_COIL_X_DQ_OMICRON-1240854932-60.root
MakeTriggers::Reset: reset all
Omicron::NewChunk: call a new chunk...
Osequence::NewChunk: 1240854990-1240855054
	- chunk 1240854990-1240855054 is loaded

>>>>>>>>>> (22:09:40 UTC) [+21s]: Processing H1:PEM-VAULT_MAG_1030X195Y_COIL_X_DQ 1240854990-1240855054 <<<<<<<<<<

Omicron::LoadData: load data vector...
	- get data from frames...
ffl::GetData: read data for H1:PEM-VAULT_MAG_1030X195Y_COIL_X_DQ between 1240854990.00000 and 1240855054.00000
ffl::GetData: 262144 samples
	- perform software injections...
Omicron::Condition: condition data vector...
	- transform data vector...
Sample::Transform: remove DC component...
Sample::Transform: resample input data...
Sample::Resample: apply anti-aliasing filters
Sample::Resample: decimate time-series
	- apply Tukey window...
	- update spectrum 1...
Spectrum::AddData: compute PSD
	- move the data in the frequency domain...
	- whiten chunk (1)
	- move the data back in the time domain...
	- update spectrum 2...
Spectrum::AddData: compute PSD
	- move the data in the frequency domain...
	- whiten chunk (2)
	- compute tiling power...
Omicron::Project: project data onto the tiles...
Otile::ProjectData: project the data on the Q planes
Omicron::WriteOutput: write chunk output...
	- write triggers 
Omicron::ExtractTriggers: 5724 triggers
Otile::SaveTriggers: saving triggers for H1:PEM-VAULT_MAG_1030X195Y_COIL_X_DQ in 1240854992.00000-1240855052.00000
Omicron::FlushTriggers
TriggerBuffer::Flush: 5724 triggers
	 - flushed
Triggers::SortTriggers: sorting triggers
	 - triggers sorted
	 - 5724 triggers
Omicron::WriteTriggers
MakeTriggers::Write: 5724 triggers
                     1 segments
                     in ./output/H1:PEM-VAULT_MAG_1030X195Y_COIL_X_DQ/H1-PEM_VAULT_MAG_1030X195Y_COIL_X_DQ_OMICRON-1240854992-60.root
MakeTriggers::Reset: reset all
Omicron::NewChunk: call a new chunk...
Osequence::NewChunk: 1240855050-1240855114
	- chunk 1240855050-1240855114 is loaded

>>>>>>>>>> (22:09:41 UTC) [+22s]: Processing H1:PEM-VAULT_MAG_1030X195Y_COIL_X_DQ 1240855050-1240855114 <<<<<<<<<<

Omicron::LoadData: load data vector...
	- get data from frames...
ffl::GetData: read data for H1:PEM-VAULT_MAG_1030X195Y_COIL_X_DQ between 1240855050.00000 and 1240855114.00000
ffl::GetData: 262144 samples
	- perform software injections...
Omicron::Condition: condition data vector...
	- transform data vector...
Sample::Transform: remove DC component...
Sample::Transform: resample input data...
Sample::Resample: apply anti-aliasing filters
Sample::Resample: decimate time-series
	- apply Tukey window...
	- update spectrum 1...
Spectrum::AddData: compute PSD
	- move the data in the frequency domain...
	- whiten chunk (1)
	- move the data back in the time domain...
	- update spectrum 2...
Spectrum::AddData: compute PSD
	- move the data in the frequency domain...
	- whiten chunk (2)
	- compute tiling power...
Omicron::Project: project data onto the tiles...
Otile::ProjectData: project the data on the Q planes
Omicron::WriteOutput: write chunk output...
	- write triggers 
Omicron::ExtractTriggers: 8047 triggers
Otile::SaveTriggers: saving triggers for H1:PEM-VAULT_MAG_1030X195Y_COIL_X_DQ in 1240855052.00000-1240855112.00000
Omicron::FlushTriggers
TriggerBuffer::Flush: 8047 triggers
	 - flushed
Triggers::SortTriggers: sorting triggers
	 - triggers sorted
	 - 8047 triggers
Omicron::WriteTriggers
MakeTriggers::Write: 8047 triggers
                     1 segments
                     in ./output/H1:PEM-VAULT_MAG_1030X195Y_COIL_X_DQ/H1-PEM_VAULT_MAG_1030X195Y_COIL_X_DQ_OMICRON-1240855052-60.root
MakeTriggers::Reset: reset all
Omicron::NewChunk: call a new chunk...
Osequence::NewChunk: 1240855110-1240855174
	- chunk 1240855110-1240855174 is loaded

>>>>>>>>>> (22:09:41 UTC) [+22s]: Processing H1:PEM-VAULT_MAG_1030X195Y_COIL_X_DQ 1240855110-1240855174 <<<<<<<<<<

Omicron::LoadData: load data vector...
	- get data from frames...
ffl::GetData: read data for H1:PEM-VAULT_MAG_1030X195Y_COIL_X_DQ between 1240855110.00000 and 1240855174.00000
ffl::GetData: 262144 samples
	- perform software injections...
Omicron::Condition: condition data vector...
	- transform data vector...
Sample::Transform: remove DC component...
Sample::Transform: resample input data...
Sample::Resample: apply anti-aliasing filters
Sample::Resample: decimate time-series
	- apply Tukey window...
	- update spectrum 1...
Spectrum::AddData: compute PSD
	- move the data in the frequency domain...
	- whiten chunk (1)
	- move the data back in the time domain...
	- update spectrum 2...
Spectrum::AddData: compute PSD
	- move the data in the frequency domain...
	- whiten chunk (2)
	- compute tiling power...
Omicron::Project: project data onto the tiles...
Otile::ProjectData: project the data on the Q planes
Omicron::WriteOutput: write chunk output...
	- write triggers 
Omicron::ExtractTriggers: 9279 triggers
Otile::SaveTriggers: saving triggers for H1:PEM-VAULT_MAG_1030X195Y_COIL_X_DQ in 1240855112.00000-1240855172.00000
Omicron::FlushTriggers
TriggerBuffer::Flush: 9279 triggers
	 - flushed
Triggers::SortTriggers: sorting triggers
	 - triggers sorted
	 - 9279 triggers
Omicron::WriteTriggers
MakeTriggers::Write: 9279 triggers
                     1 segments
                     in ./output/H1:PEM-VAULT_MAG_1030X195Y_COIL_X_DQ/H1-PEM_VAULT_MAG_1030X195Y_COIL_X_DQ_OMICRON-1240855112-60.root
MakeTriggers::Reset: reset all
Omicron::NewChunk: call a new chunk...
Osequence::NewChunk: 1240855170-1240855234
	- chunk 1240855170-1240855234 is loaded

>>>>>>>>>> (22:09:42 UTC) [+23s]: Processing H1:PEM-VAULT_MAG_1030X195Y_COIL_X_DQ 1240855170-1240855234 <<<<<<<<<<

Omicron::LoadData: load data vector...
	- get data from frames...
ffl::GetData: read data for H1:PEM-VAULT_MAG_1030X195Y_COIL_X_DQ between 1240855170.00000 and 1240855234.00000
ffl::GetData: 262144 samples
	- perform software injections...
Omicron::Condition: condition data vector...
	- transform data vector...
Sample::Transform: remove DC component...
Sample::Transform: resample input data...
Sample::Resample: apply anti-aliasing filters
Sample::Resample: decimate time-series
	- apply Tukey window...
	- update spectrum 1...
Spectrum::AddData: compute PSD
	- move the data in the frequency domain...
	- whiten chunk (1)
	- move the data back in the time domain...
	- update spectrum 2...
Spectrum::AddData: compute PSD
	- move the data in the frequency domain...
	- whiten chunk (2)
	- compute tiling power...
Omicron::Project: project data onto the tiles...
Otile::ProjectData: project the data on the Q planes
Omicron::WriteOutput: write chunk output...
	- write triggers 
Omicron::ExtractTriggers: 21272 triggers
Otile::SaveTriggers: saving triggers for H1:PEM-VAULT_MAG_1030X195Y_COIL_X_DQ in 1240855172.00000-1240855232.00000
Omicron::FlushTriggers
TriggerBuffer::Flush: 21272 triggers
	 - flushed
Triggers::SortTriggers: sorting triggers
	 - triggers sorted
	 - 21272 triggers
Omicron::WriteTriggers
MakeTriggers::Write: 21272 triggers
                     1 segments
                     in ./output/H1:PEM-VAULT_MAG_1030X195Y_COIL_X_DQ/H1-PEM_VAULT_MAG_1030X195Y_COIL_X_DQ_OMICRON-1240855172-60.root
MakeTriggers::Reset: reset all
Omicron::NewChunk: call a new chunk...
	- chunk 1240855172-1240855236 is loaded

>>>>>>>>>> (22:09:42 UTC) [+23s]: Processing H1:PEM-VAULT_MAG_1030X195Y_COIL_X_DQ 1240855172-1240855236 <<<<<<<<<<

Omicron::LoadData: load data vector...
	- get data from frames...
ffl::GetData: read data for H1:PEM-VAULT_MAG_1030X195Y_COIL_X_DQ between 1240855172.00000 and 1240855236.00000
ffl::GetData: 262144 samples
	- perform software injections...
Omicron::Condition: condition data vector...
	- transform data vector...
Sample::Transform: remove DC component...
Sample::Transform: resample input data...
Sample::Resample: apply anti-aliasing filters
Sample::Resample: decimate time-series
	- apply Tukey window...
	- update spectrum 1...
Spectrum::AddData: compute PSD
	- move the data in the frequency domain...
	- whiten chunk (1)
	- move the data back in the time domain...
	- update spectrum 2...
Spectrum::AddData: compute PSD
	- move the data in the frequency domain...
	- whiten chunk (2)
	- compute tiling power...
Omicron::Project: project data onto the tiles...
Otile::ProjectData: project the data on the Q planes
Omicron::WriteOutput: write chunk output...
	- write triggers 
Omicron::ExtractTriggers: 21353 triggers
Otile::SaveTriggers: saving triggers for H1:PEM-VAULT_MAG_1030X195Y_COIL_X_DQ in 1240855232.00000-1240855234.00000
Omicron::FlushTriggers
TriggerBuffer::Flush: 8 triggers
	 - flushed
Triggers::SortTriggers: sorting triggers
	 - triggers sorted
	 - 8 triggers
Omicron::WriteTriggers
MakeTriggers::Write: 8 triggers
                     1 segments
                     in ./output/H1:PEM-VAULT_MAG_1030X195Y_COIL_X_DQ/H1-PEM_VAULT_MAG_1030X195Y_COIL_X_DQ_OMICRON-1240855232-2.root
MakeTriggers::Reset: reset all
Omicron::NewChunk: call a new chunk...
Osequence::NewChunk: end of segments
Omicron::NewChannel: load a new channel...
	- no more channels to load

>>>>>>>>>> (22:09:43 UTC) [+24s]: Omicron processing is over <<<<<<<<<<


************* Omicron status info *************
requested start         = 1240853610
requested end           = 1240855236
requested livetime      = 1626 s
number of chunks        = 28

*** H1:PEM-VAULT_MAG_1030X195Y_COIL_X_DQ
number of data calls         = 28
number of conditioning calls = 28
number of projection calls   = 28
number of write calls        = 28
start_out                    = 1240853612
end_out                      = 1240855234
trigger livetime             = 1622s (99.75400%)
***********************************************

Omicron::~Omicron
TriggerBuffer::~TriggerBuffer
MakeTriggers::~MakeTriggers
Streams::~Streams
Sample::~Sample
Triggers::~Triggers
Spectrum::~Spectrum
Spectrum::~Spectrum
ffl::~ffl
ffl::Reset: reset ffl
InjEct::~InjEct
InjRea::~InjRea
Otile::~Otile
Osequence::~Osequence
